<?xml version="1.0" encoding="UTF-8"?>
<testng-results skipped="0" failed="1" ignored="0" total="4" passed="3">
  <reporter-output>
  </reporter-output>
  <suite name="Suite" duration-ms="201696" started-at="2022-06-22T14:20:15 IST" finished-at="2022-06-22T14:23:37 IST">
    <groups>
    </groups>
    <test name="Test" duration-ms="201696" started-at="2022-06-22T14:20:15 IST" finished-at="2022-06-22T14:23:37 IST">
      <class name="com.IFHTests.MySellingPageTest">
        <test-method status="PASS" signature="extentReport()[pri:0, instance:com.IFHTests.MySellingPageTest@5427c60c]" name="extentReport" is-config="true" duration-ms="253" started-at="2022-06-22T14:20:15 IST" finished-at="2022-06-22T14:20:15 IST">
          <reporter-output>
          </reporter-output>
        </test-method> <!-- extentReport -->
        <test-method status="PASS" signature="launchApp(java.lang.String)[pri:0, instance:com.IFHTests.MySellingPageTest@5427c60c]" name="launchApp" is-config="true" duration-ms="6503" started-at="2022-06-22T14:20:15 IST" finished-at="2022-06-22T14:20:22 IST">
          <params>
            <param index="0">
              <value>
                <![CDATA[chrome]]>
              </value>
            </param>
          </params>
          <reporter-output>
          </reporter-output>
        </test-method> <!-- launchApp -->
        <test-method status="PASS" signature="mySellingActive()[pri:0, instance:com.IFHTests.MySellingPageTest@5427c60c]" name="mySellingActive" duration-ms="60462" started-at="2022-06-22T14:20:22 IST" finished-at="2022-06-22T14:21:22 IST">
          <reporter-output>
          </reporter-output>
        </test-method> <!-- mySellingActive -->
        <test-method status="PASS" signature="teardown()[pri:0, instance:com.IFHTests.MySellingPageTest@5427c60c]" name="teardown" is-config="true" duration-ms="809" started-at="2022-06-22T14:21:22 IST" finished-at="2022-06-22T14:21:23 IST">
          <reporter-output>
          </reporter-output>
        </test-method> <!-- teardown -->
        <test-method status="PASS" signature="launchApp(java.lang.String)[pri:0, instance:com.IFHTests.MySellingPageTest@5427c60c]" name="launchApp" is-config="true" duration-ms="1314" started-at="2022-06-22T14:21:23 IST" finished-at="2022-06-22T14:21:24 IST">
          <params>
            <param index="0">
              <value>
                <![CDATA[chrome]]>
              </value>
            </param>
          </params>
          <reporter-output>
          </reporter-output>
        </test-method> <!-- launchApp -->
        <test-method status="FAIL" signature="mySellingOverview()[pri:0, instance:com.IFHTests.MySellingPageTest@5427c60c]" name="mySellingOverview" duration-ms="51129" started-at="2022-06-22T14:21:24 IST" finished-at="2022-06-22T14:22:15 IST">
          <exception class="org.openqa.selenium.TimeoutException">
            <message>
              <![CDATA[Expected condition failed: waiting for visibility of Proxy element for: DefaultElementLocator 'By.xpath: //button[@id='ifhItem0']' (tried for 20 second(s) with 500 milliseconds interval)]]>
            </message>
            <full-stacktrace>
              <![CDATA[org.openqa.selenium.TimeoutException: Expected condition failed: waiting for visibility of Proxy element for: DefaultElementLocator 'By.xpath: //button[@id='ifhItem0']' (tried for 20 second(s) with 500 milliseconds interval)
at org.openqa.selenium.support.ui.WebDriverWait.timeoutException(WebDriverWait.java:87)
at org.openqa.selenium.support.ui.FluentWait.until(FluentWait.java:231)
at com.BaseActionClass.Action.explicitWaitForElement(Action.java:726)
at com.IFHPages.MySellinPage.mySellingOverview(MySellinPage.java:94)
at com.IFHTests.MySellingPageTest.mySellingOverview(MySellingPageTest.java:11)
at sun.reflect.NativeMethodAccessorImpl.invoke0(Native Method)
at sun.reflect.NativeMethodAccessorImpl.invoke(NativeMethodAccessorImpl.java:62)
at sun.reflect.DelegatingMethodAccessorImpl.invoke(DelegatingMethodAccessorImpl.java:43)
at java.lang.reflect.Method.invoke(Method.java:498)
at org.testng.internal.MethodInvocationHelper.invokeMethod(MethodInvocationHelper.java:133)
at org.testng.internal.TestInvoker.invokeMethod(TestInvoker.java:598)
at org.testng.internal.TestInvoker.invokeTestMethod(TestInvoker.java:173)
at org.testng.internal.MethodRunner.runInSequence(MethodRunner.java:46)
at org.testng.internal.TestInvoker$MethodInvocationAgent.invoke(TestInvoker.java:824)
at org.testng.internal.TestInvoker.invokeTestMethods(TestInvoker.java:146)
at org.testng.internal.TestMethodWorker.invokeTestMethods(TestMethodWorker.java:146)
at org.testng.internal.TestMethodWorker.run(TestMethodWorker.java:128)
at java.util.ArrayList.forEach(ArrayList.java:1257)
at org.testng.TestRunner.privateRun(TestRunner.java:794)
at org.testng.TestRunner.run(TestRunner.java:596)
at org.testng.SuiteRunner.runTest(SuiteRunner.java:377)
at org.testng.SuiteRunner.runSequentially(SuiteRunner.java:371)
at org.testng.SuiteRunner.privateRun(SuiteRunner.java:332)
at org.testng.SuiteRunner.run(SuiteRunner.java:276)
at org.testng.SuiteRunnerWorker.runSuite(SuiteRunnerWorker.java:53)
at org.testng.SuiteRunnerWorker.run(SuiteRunnerWorker.java:96)
at org.testng.TestNG.runSuitesSequentially(TestNG.java:1212)
at org.testng.TestNG.runSuitesLocally(TestNG.java:1134)
at org.testng.TestNG.runSuites(TestNG.java:1063)
at org.testng.TestNG.run(TestNG.java:1031)
at org.testng.remote.AbstractRemoteTestNG.run(AbstractRemoteTestNG.java:115)
at org.testng.remote.RemoteTestNG.initAndRun(RemoteTestNG.java:251)
at org.testng.remote.RemoteTestNG.main(RemoteTestNG.java:77)
Caused by: org.openqa.selenium.NoSuchElementException: no such element: Unable to locate element: {"method":"xpath","selector":"//button[@id='ifhItem0']"}
  (Session info: chrome=102.0.5005.115)
For documentation on this error, please visit: https://selenium.dev/exceptions/#no_such_element
Build info: version: '4.2.1', revision: 'ac4d0fdd4a'
System info: host: 'ASHOK', ip: '192.168.0.161', os.name: 'Windows 10', os.arch: 'amd64', os.version: '10.0', java.version: '1.8.0_202'
Driver info: org.openqa.selenium.chrome.ChromeDriver
Command: [59c8a3fdd2ce222dd35364f64c4b602f, findElement {using=xpath, value=//button[@id='ifhItem0']}]
Capabilities {acceptInsecureCerts: false, browserName: chrome, browserVersion: 102.0.5005.115, chrome: {chromedriverVersion: 102.0.5005.61 (0e59bcc00cc4..., userDataDir: C:\Users\hp\AppData\Local\T...}, goog:chromeOptions: {debuggerAddress: localhost:49364}, networkConnectionEnabled: false, pageLoadStrategy: normal, platformName: WINDOWS, proxy: Proxy(), se:cdp: ws://localhost:49364/devtoo..., se:cdpVersion: 102.0.5005.115, setWindowRect: true, strictFileInteractability: false, timeouts: {implicit: 0, pageLoad: 300000, script: 30000}, unhandledPromptBehavior: dismiss and notify, webauthn:extension:credBlob: true, webauthn:extension:largeBlob: true, webauthn:virtualAuthenticators: true}
Session ID: 59c8a3fdd2ce222dd35364f64c4b602f
at sun.reflect.NativeConstructorAccessorImpl.newInstance0(Native Method)
at sun.reflect.NativeConstructorAccessorImpl.newInstance(NativeConstructorAccessorImpl.java:62)
at sun.reflect.DelegatingConstructorAccessorImpl.newInstance(DelegatingConstructorAccessorImpl.java:45)
at java.lang.reflect.Constructor.newInstance(Constructor.java:423)
at org.openqa.selenium.remote.codec.w3c.W3CHttpResponseCodec.createException(W3CHttpResponseCodec.java:200)
at org.openqa.selenium.remote.codec.w3c.W3CHttpResponseCodec.decode(W3CHttpResponseCodec.java:133)
at org.openqa.selenium.remote.codec.w3c.W3CHttpResponseCodec.decode(W3CHttpResponseCodec.java:53)
at org.openqa.selenium.remote.HttpCommandExecutor.execute(HttpCommandExecutor.java:184)
at org.openqa.selenium.remote.service.DriverCommandExecutor.invokeExecute(DriverCommandExecutor.java:167)
at org.openqa.selenium.remote.service.DriverCommandExecutor.execute(DriverCommandExecutor.java:142)
at org.openqa.selenium.remote.RemoteWebDriver.execute(RemoteWebDriver.java:551)
at org.openqa.selenium.remote.ElementLocation$ElementFinder$2.findElement(ElementLocation.java:162)
at org.openqa.selenium.remote.ElementLocation.findElement(ElementLocation.java:60)
at org.openqa.selenium.remote.RemoteWebDriver.findElement(RemoteWebDriver.java:369)
at org.openqa.selenium.remote.RemoteWebDriver.findElement(RemoteWebDriver.java:361)
at org.openqa.selenium.support.pagefactory.DefaultElementLocator.findElement(DefaultElementLocator.java:70)
at org.openqa.selenium.support.pagefactory.internal.LocatingElementHandler.invoke(LocatingElementHandler.java:39)
at com.sun.proxy.$Proxy33.isDisplayed(Unknown Source)
at org.openqa.selenium.support.ui.ExpectedConditions.elementIfVisible(ExpectedConditions.java:307)
at org.openqa.selenium.support.ui.ExpectedConditions.access$000(ExpectedConditions.java:40)
at org.openqa.selenium.support.ui.ExpectedConditions$10.apply(ExpectedConditions.java:293)
at org.openqa.selenium.support.ui.ExpectedConditions$10.apply(ExpectedConditions.java:290)
at org.openqa.selenium.support.ui.FluentWait.until(FluentWait.java:208)
... 31 more
]]>
            </full-stacktrace>
          </exception> <!-- org.openqa.selenium.TimeoutException -->
          <reporter-output>
          </reporter-output>
        </test-method> <!-- mySellingOverview -->
        <test-method status="PASS" signature="teardown()[pri:0, instance:com.IFHTests.MySellingPageTest@5427c60c]" name="teardown" is-config="true" duration-ms="661" started-at="2022-06-22T14:22:15 IST" finished-at="2022-06-22T14:22:16 IST">
          <reporter-output>
          </reporter-output>
        </test-method> <!-- teardown -->
        <test-method status="PASS" signature="launchApp(java.lang.String)[pri:0, instance:com.IFHTests.MySellingPageTest@5427c60c]" name="launchApp" is-config="true" duration-ms="1364" started-at="2022-06-22T14:22:16 IST" finished-at="2022-06-22T14:22:18 IST">
          <params>
            <param index="0">
              <value>
                <![CDATA[chrome]]>
              </value>
            </param>
          </params>
          <reporter-output>
          </reporter-output>
        </test-method> <!-- launchApp -->
        <test-method status="PASS" signature="mySellingSold()[pri:0, instance:com.IFHTests.MySellingPageTest@5427c60c]" name="mySellingSold" duration-ms="59024" started-at="2022-06-22T14:22:18 IST" finished-at="2022-06-22T14:23:17 IST">
          <reporter-output>
          </reporter-output>
        </test-method> <!-- mySellingSold -->
        <test-method status="PASS" signature="teardown()[pri:0, instance:com.IFHTests.MySellingPageTest@5427c60c]" name="teardown" is-config="true" duration-ms="795" started-at="2022-06-22T14:23:17 IST" finished-at="2022-06-22T14:23:17 IST">
          <reporter-output>
          </reporter-output>
        </test-method> <!-- teardown -->
        <test-method status="PASS" signature="launchApp(java.lang.String)[pri:0, instance:com.IFHTests.MySellingPageTest@5427c60c]" name="launchApp" is-config="true" duration-ms="1402" started-at="2022-06-22T14:23:17 IST" finished-at="2022-06-22T14:23:19 IST">
          <params>
            <param index="0">
              <value>
                <![CDATA[chrome]]>
              </value>
            </param>
          </params>
          <reporter-output>
          </reporter-output>
        </test-method> <!-- launchApp -->
        <test-method status="PASS" signature="mySellingUnsold()[pri:0, instance:com.IFHTests.MySellingPageTest@5427c60c]" name="mySellingUnsold" duration-ms="17209" started-at="2022-06-22T14:23:19 IST" finished-at="2022-06-22T14:23:36 IST">
          <reporter-output>
          </reporter-output>
        </test-method> <!-- mySellingUnsold -->
        <test-method status="PASS" signature="teardown()[pri:0, instance:com.IFHTests.MySellingPageTest@5427c60c]" name="teardown" is-config="true" duration-ms="733" started-at="2022-06-22T14:23:36 IST" finished-at="2022-06-22T14:23:37 IST">
          <reporter-output>
          </reporter-output>
        </test-method> <!-- teardown -->
        <test-method status="PASS" signature="endExtentReport()[pri:0, instance:com.IFHTests.MySellingPageTest@5427c60c]" name="endExtentReport" is-config="true" duration-ms="767" started-at="2022-06-22T14:23:37 IST" finished-at="2022-06-22T14:23:38 IST">
          <reporter-output>
          </reporter-output>
        </test-method> <!-- endExtentReport -->
      </class> <!-- com.IFHTests.MySellingPageTest -->
    </test> <!-- Test -->
  </suite> <!-- Suite -->
</testng-results>
